<?xml version="1.0" encoding="UTF-8"?>
<testng-results skipped="0" failed="0" ignored="0" total="1" passed="1">
  <reporter-output>
  </reporter-output>
  <suite name="Default suite" duration-ms="1037" started-at="2022-03-03T14:06:21Z" finished-at="2022-03-03T14:06:22Z">
    <groups>
    </groups>
    <test name="Default test" duration-ms="1037" started-at="2022-03-03T14:06:21Z" finished-at="2022-03-03T14:06:22Z">
      <class name="com.ats.tests.ExcelUtil_02">
        <test-method status="PASS" signature="intialize()[pri:0, instance:com.ats.tests.ExcelUtil_02@57536d79]" name="intialize" is-config="true" duration-ms="622" started-at="2022-03-03T14:06:21Z" finished-at="2022-03-03T14:06:22Z">
          <reporter-output>
          </reporter-output>
        </test-method> <!-- intialize -->
        <test-method status="PASS" signature="getCellData_Test()[pri:5, instance:com.ats.tests.ExcelUtil_02@57536d79]" name="getCellData_Test" duration-ms="393" started-at="2022-03-03T14:06:22Z" finished-at="2022-03-03T14:06:22Z">
          <reporter-output>
          </reporter-output>
        </test-method> <!-- getCellData_Test -->
      </class> <!-- com.ats.tests.ExcelUtil_02 -->
    </test> <!-- Default test -->
  </suite> <!-- Default suite -->
</testng-results>
